

times in msec
 clock   self+sourced   self:  sourced script
 clock   elapsed:              other lines

000.021  000.021: --- NVIM STARTING ---
001.160  001.139: locale set
010.531  009.371: inits 1
010.555  000.024: window checked
010.770  000.215: parsing arguments
014.077  003.307: expanding arguments
014.157  000.079: inits 2
014.723  000.567: init highlight
014.725  000.002: waiting for UI
017.509  002.784: done waiting for UI
017.521  000.012: init screen for UI
017.550  000.029: init default mappings
017.609  000.059: init default autocommands
018.699  000.094  000.094: sourcing /usr/local/Cellar/neovim/0.7.0/share/nvim/runtime/ftplugin.vim
018.895  000.048  000.048: sourcing /usr/local/Cellar/neovim/0.7.0/share/nvim/runtime/indent.vim
035.379  016.026  016.026: sourcing /Users/asiryk/.config/nvim/init.lua
035.407  001.630: sourcing vimrc file(s)
035.673  000.087  000.087: sourcing /usr/local/Cellar/neovim/0.7.0/share/nvim/runtime/filetype.lua
043.005  007.209  007.209: sourcing /usr/local/Cellar/neovim/0.7.0/share/nvim/runtime/filetype.vim
043.448  000.128  000.128: sourcing /usr/local/Cellar/neovim/0.7.0/share/nvim/runtime/syntax/synload.vim
043.593  000.434  000.306: sourcing /usr/local/Cellar/neovim/0.7.0/share/nvim/runtime/syntax/syntax.vim
045.598  000.027  000.027: sourcing /usr/local/Cellar/neovim/0.7.0/share/nvim/runtime/plugin/gzip.vim
045.726  000.026  000.026: sourcing /usr/local/Cellar/neovim/0.7.0/share/nvim/runtime/plugin/health.vim
045.892  000.062  000.062: sourcing /usr/local/Cellar/neovim/0.7.0/share/nvim/runtime/plugin/man.vim
046.020  000.023  000.023: sourcing /usr/local/Cellar/neovim/0.7.0/share/nvim/runtime/plugin/matchit.vim
046.307  000.186  000.186: sourcing /usr/local/Cellar/neovim/0.7.0/share/nvim/runtime/plugin/matchparen.vim
046.459  000.030  000.030: sourcing /usr/local/Cellar/neovim/0.7.0/share/nvim/runtime/plugin/netrwPlugin.vim
046.842  000.016  000.016: sourcing /Users/asiryk/.local/share/nvim/rplugin.vim
046.859  000.287  000.271: sourcing /usr/local/Cellar/neovim/0.7.0/share/nvim/runtime/plugin/rplugin.vim
047.055  000.095  000.095: sourcing /usr/local/Cellar/neovim/0.7.0/share/nvim/runtime/plugin/shada.vim
047.194  000.023  000.023: sourcing /usr/local/Cellar/neovim/0.7.0/share/nvim/runtime/plugin/spellfile.vim
047.331  000.028  000.028: sourcing /usr/local/Cellar/neovim/0.7.0/share/nvim/runtime/plugin/tarPlugin.vim
047.460  000.025  000.025: sourcing /usr/local/Cellar/neovim/0.7.0/share/nvim/runtime/plugin/tohtml.vim
047.594  000.033  000.033: sourcing /usr/local/Cellar/neovim/0.7.0/share/nvim/runtime/plugin/tutor.vim
047.727  000.030  000.030: sourcing /usr/local/Cellar/neovim/0.7.0/share/nvim/runtime/plugin/zipPlugin.vim
058.947  010.897  010.897: sourcing /Users/asiryk/.config/nvim/plugin/packer_compiled.lua
059.584  004.673: loading rtp plugins
060.393  000.101  000.101: sourcing /Users/asiryk/.local/share/nvim/site/pack/packer/start/nvim-lspconfig/plugin/lspconfig.vim
060.908  001.223: loading packages
060.911  000.003: loading after plugins
060.922  000.011: inits 3
062.242  001.320: reading ShaDa
071.330  000.363  000.363: sourcing /usr/local/Cellar/neovim/0.7.0/share/nvim/runtime/ftplugin/json.vim
073.185  000.765  000.765: sourcing /usr/local/Cellar/neovim/0.7.0/share/nvim/runtime/indent/json.vim
074.410  000.946  000.946: sourcing /usr/local/Cellar/neovim/0.7.0/share/nvim/runtime/syntax/json.vim
075.310  010.995: opening buffers
075.330  000.020: BufEnter autocommands
075.333  000.002: editing files in windows
075.982  000.649: VimEnter autocommands
075.985  000.003: UIEnter autocommands
076.416  000.299  000.299: sourcing /usr/local/Cellar/neovim/0.7.0/share/nvim/runtime/autoload/provider/clipboard.vim
076.435  000.151: before starting main loop
083.339  006.904: first screen update
083.342  000.003: --- NVIM STARTED ---
